mode: atomic
sandboxd-o/orchestrator/cache/resource_cache.go:21.40,23.2 1 2
sandboxd-o/orchestrator/cache/resource_cache.go:25.74,32.2 5 3
sandboxd-o/orchestrator/cache/resource_cache.go:34.91,43.2 7 1
sandboxd-o/orchestrator/cache/resource_cache.go:45.45,49.2 3 1
sandboxd-o/orchestrator/cache/resource_cache.go:51.102,55.39 4 5
sandboxd-o/orchestrator/cache/resource_cache.go:55.39,57.3 1 2
sandboxd-o/orchestrator/cache/resource_cache.go:59.2,60.42 2 3
sandboxd-o/orchestrator/cache/resource_cache.go:60.42,62.3 1 0
sandboxd-o/orchestrator/cache/resource_cache.go:64.2,64.14 1 3
sandboxd-o/orchestrator/cache/resource_cache.go:64.14,66.3 1 1
sandboxd-o/orchestrator/cache/resource_cache.go:68.2,68.41 1 2
sandboxd-o/orchestrator/cache/resource_cache.go:68.41,70.3 1 1
sandboxd-o/orchestrator/cache/resource_cache.go:72.2,72.13 1 1
sandboxd-o/orchestrator/cache/resource_cache.go:75.51,85.2 1 3
sandboxd-o/orchestrator/client/client.go:14.57,19.2 1 5
sandboxd-o/orchestrator/client/do.go:13.97,15.17 2 11
sandboxd-o/orchestrator/client/do.go:15.17,17.17 2 1
sandboxd-o/orchestrator/client/do.go:17.17,19.4 1 0
sandboxd-o/orchestrator/client/do.go:20.3,20.32 1 1
sandboxd-o/orchestrator/client/do.go:23.2,24.16 2 11
sandboxd-o/orchestrator/client/do.go:24.16,26.3 1 0
sandboxd-o/orchestrator/client/do.go:28.2,28.17 1 11
sandboxd-o/orchestrator/client/do.go:28.17,30.3 1 1
sandboxd-o/orchestrator/client/do.go:32.2,33.16 2 11
sandboxd-o/orchestrator/client/do.go:33.16,35.3 1 0
sandboxd-o/orchestrator/client/do.go:36.2,39.28 3 11
sandboxd-o/orchestrator/client/do.go:39.28,41.16 2 2
sandboxd-o/orchestrator/client/do.go:41.16,43.4 1 1
sandboxd-o/orchestrator/client/do.go:45.3,45.73 1 2
sandboxd-o/orchestrator/client/do.go:48.2,48.19 1 9
sandboxd-o/orchestrator/client/do.go:48.19,50.3 1 0
sandboxd-o/orchestrator/client/do.go:52.2,53.50 2 9
sandboxd-o/orchestrator/client/do.go:53.50,55.3 1 1
sandboxd-o/orchestrator/client/do.go:57.2,57.17 1 8
sandboxd-o/orchestrator/client/nodes.go:17.53,19.16 2 1
sandboxd-o/orchestrator/client/nodes.go:19.16,21.3 1 0
sandboxd-o/orchestrator/client/nodes.go:23.2,23.37 1 1
sandboxd-o/orchestrator/client/nodes.go:23.37,24.38 1 1
sandboxd-o/orchestrator/client/nodes.go:24.38,26.4 1 1
sandboxd-o/orchestrator/client/nodes.go:29.2,29.37 1 0
sandboxd-o/orchestrator/client/nodes.go:32.70,34.16 2 1
sandboxd-o/orchestrator/client/nodes.go:34.16,36.3 1 0
sandboxd-o/orchestrator/client/nodes.go:38.2,39.16 2 1
sandboxd-o/orchestrator/client/nodes.go:39.16,41.3 1 0
sandboxd-o/orchestrator/client/nodes.go:43.2,44.47 2 1
sandboxd-o/orchestrator/client/nodes.go:44.47,46.3 1 0
sandboxd-o/orchestrator/client/nodes.go:48.2,48.12 1 1
sandboxd-o/orchestrator/client/nodes.go:48.12,50.3 1 0
sandboxd-o/orchestrator/client/nodes.go:52.2,52.16 1 1
sandboxd-o/orchestrator/client/sandboxes.go:12.73,14.2 1 1
sandboxd-o/orchestrator/client/sandboxes.go:16.103,18.18 2 1
sandboxd-o/orchestrator/client/sandboxes.go:18.18,20.3 1 1
sandboxd-o/orchestrator/client/sandboxes.go:22.2,22.15 1 1
sandboxd-o/orchestrator/client/sandboxes.go:22.15,24.3 1 1
sandboxd-o/orchestrator/client/sandboxes.go:26.2,27.32 2 1
sandboxd-o/orchestrator/client/sandboxes.go:27.32,29.3 1 1
sandboxd-o/orchestrator/client/sandboxes.go:31.2,31.45 1 1
sandboxd-o/orchestrator/client/sandboxes.go:34.85,36.2 1 4
sandboxd-o/orchestrator/client/sandboxes.go:38.109,40.2 1 1
sandboxd-o/orchestrator/client/sandboxes.go:42.88,44.2 1 1
sandboxd-o/orchestrator/client/sandboxes.go:46.132,48.18 2 1
sandboxd-o/orchestrator/client/sandboxes.go:48.18,50.3 1 1
sandboxd-o/orchestrator/client/sandboxes.go:52.2,52.15 1 1
sandboxd-o/orchestrator/client/sandboxes.go:52.15,54.3 1 1
sandboxd-o/orchestrator/client/sandboxes.go:56.2,57.32 2 1
sandboxd-o/orchestrator/client/sandboxes.go:57.32,59.3 1 1
sandboxd-o/orchestrator/client/sandboxes.go:61.2,61.45 1 1
sandboxd-o/orchestrator/config/config.go:58.29,63.16 4 1
sandboxd-o/orchestrator/config/config.go:63.16,65.3 1 0
sandboxd-o/orchestrator/config/config.go:67.2,68.16 2 1
sandboxd-o/orchestrator/config/config.go:68.16,70.3 1 1
sandboxd-o/orchestrator/config/config.go:72.2,72.16 1 1
sandboxd-o/orchestrator/config/config.go:72.16,74.3 1 0
sandboxd-o/orchestrator/config/config.go:76.2,97.35 2 1
sandboxd-o/orchestrator/config/config.go:97.35,99.3 1 0
sandboxd-o/orchestrator/config/config.go:101.2,101.38 1 1
sandboxd-o/orchestrator/config/config.go:101.38,103.3 1 0
sandboxd-o/orchestrator/config/config.go:105.2,105.34 1 1
sandboxd-o/orchestrator/config/config.go:105.34,107.3 1 0
sandboxd-o/orchestrator/config/config.go:109.2,109.35 1 1
sandboxd-o/orchestrator/config/config.go:109.35,111.3 1 0
sandboxd-o/orchestrator/config/config.go:113.2,113.36 1 1
sandboxd-o/orchestrator/config/config.go:113.36,115.3 1 0
sandboxd-o/orchestrator/config/config.go:117.2,117.36 1 1
sandboxd-o/orchestrator/config/config.go:117.36,119.3 1 0
sandboxd-o/orchestrator/config/config.go:121.2,121.32 1 1
sandboxd-o/orchestrator/config/config.go:121.32,123.3 1 0
sandboxd-o/orchestrator/config/config.go:125.2,125.32 1 1
sandboxd-o/orchestrator/config/config.go:125.32,127.3 1 0
sandboxd-o/orchestrator/config/config.go:129.2,129.25 1 1
sandboxd-o/orchestrator/config/config.go:129.25,131.3 1 0
sandboxd-o/orchestrator/config/config.go:133.2,133.39 1 1
sandboxd-o/orchestrator/config/config.go:133.39,135.3 1 0
sandboxd-o/orchestrator/config/config.go:137.2,137.34 1 1
sandboxd-o/orchestrator/config/config.go:137.34,139.30 2 1
sandboxd-o/orchestrator/config/config.go:139.30,140.50 1 1
sandboxd-o/orchestrator/config/config.go:140.50,142.5 1 0
sandboxd-o/orchestrator/config/config.go:146.2,146.17 1 1
sandboxd-o/orchestrator/config/config.go:149.64,152.16 3 3
sandboxd-o/orchestrator/config/config.go:152.16,153.25 1 1
sandboxd-o/orchestrator/config/config.go:153.25,155.4 1 1
sandboxd-o/orchestrator/config/config.go:157.3,157.61 1 0
sandboxd-o/orchestrator/config/config.go:160.2,160.48 1 2
sandboxd-o/orchestrator/config/config.go:160.48,162.3 1 1
sandboxd-o/orchestrator/config/config.go:164.2,164.15 1 1
sandboxd-o/pkg/configutil/configutil.go:8.36,11.26 3 2
sandboxd-o/pkg/configutil/configutil.go:11.26,13.3 1 5
sandboxd-o/pkg/configutil/configutil.go:15.2,15.12 1 2
sandboxd-o/pkg/configutil/configutil.go:18.48,20.15 2 2
sandboxd-o/pkg/configutil/configutil.go:20.15,22.3 1 1
sandboxd-o/pkg/configutil/configutil.go:24.2,25.34 2 1
sandboxd-o/pkg/configutil/configutil.go:25.34,26.14 1 2
sandboxd-o/pkg/configutil/configutil.go:26.14,28.4 1 2
sandboxd-o/pkg/configutil/configutil.go:31.2,31.19 1 1
sandboxd-o/pkg/configutil/configutil.go:31.19,33.3 1 0
sandboxd-o/pkg/configutil/configutil.go:35.2,35.12 1 1
sandboxd-o/pkg/envutil/envutil.go:10.34,12.13 2 2
sandboxd-o/pkg/envutil/envutil.go:12.13,14.3 1 1
sandboxd-o/pkg/envutil/envutil.go:16.2,16.10 1 1
sandboxd-o/pkg/envutil/envutil.go:19.38,21.13 2 2
sandboxd-o/pkg/envutil/envutil.go:21.13,23.3 1 0
sandboxd-o/pkg/envutil/envutil.go:25.2,26.16 2 2
sandboxd-o/pkg/envutil/envutil.go:26.16,28.3 1 1
sandboxd-o/pkg/envutil/envutil.go:30.2,30.10 1 1
sandboxd-o/pkg/envutil/envutil.go:33.63,35.13 2 2
sandboxd-o/pkg/envutil/envutil.go:35.13,37.3 1 0
sandboxd-o/pkg/envutil/envutil.go:39.2,40.26 2 2
sandboxd-o/pkg/envutil/envutil.go:40.26,42.3 1 1
sandboxd-o/pkg/envutil/envutil.go:44.2,44.10 1 1
sandboxd-o/pkg/envutil/envutil.go:47.41,49.13 2 2
sandboxd-o/pkg/envutil/envutil.go:49.13,51.3 1 0
sandboxd-o/pkg/envutil/envutil.go:53.2,53.11 1 2
sandboxd-o/pkg/envutil/envutil.go:54.37,55.14 1 1
sandboxd-o/pkg/envutil/envutil.go:56.38,57.15 1 1
sandboxd-o/pkg/envutil/envutil.go:58.10,59.13 1 0
sandboxd-o/pkg/httplog/middleware.go:14.60,15.32 1 1
sandboxd-o/pkg/httplog/middleware.go:15.32,29.45 6 2
sandboxd-o/pkg/httplog/middleware.go:29.45,31.4 1 1
sandboxd-o/pkg/httplog/middleware.go:32.3,32.46 1 1
sandboxd-o/pkg/httplog/middleware.go:32.46,34.4 1 0
sandboxd-o/pkg/httplog/middleware.go:36.3,37.27 2 1
sandboxd-o/pkg/httplog/middleware.go:37.27,39.4 1 6
sandboxd-o/pkg/httplog/middleware.go:40.3,40.63 1 1
sandboxd-o/pkg/httplog/middleware.go:44.61,45.32 1 1
sandboxd-o/pkg/httplog/middleware.go:45.32,46.16 1 2
sandboxd-o/pkg/httplog/middleware.go:46.16,47.48 1 2
sandboxd-o/pkg/httplog/middleware.go:47.48,55.5 2 1
sandboxd-o/pkg/httplog/middleware.go:57.3,57.13 1 2
sandboxd-o/pkg/logging/logging.go:33.53,36.19 3 1
sandboxd-o/pkg/logging/logging.go:36.19,38.17 2 1
sandboxd-o/pkg/logging/logging.go:38.17,40.4 1 0
sandboxd-o/pkg/logging/logging.go:43.2,45.61 1 1
sandboxd-o/pkg/logging/logging.go:45.61,46.17 1 17
sandboxd-o/pkg/logging/logging.go:47.22,48.17 1 4
sandboxd-o/pkg/logging/logging.go:49.23,50.66 1 4
sandboxd-o/pkg/logging/logging.go:52.4,52.12 1 17
sandboxd-o/pkg/logging/logging.go:56.2,72.23 6 1
sandboxd-o/pkg/logging/logging.go:72.23,78.3 2 1
sandboxd-o/pkg/logging/logging.go:80.2,83.55 3 1
sandboxd-o/pkg/logging/logging.go:83.55,85.3 1 1
sandboxd-o/pkg/logging/logging.go:87.2,87.24 1 1
sandboxd-o/pkg/logging/logging.go:87.24,89.34 2 1
sandboxd-o/pkg/logging/logging.go:89.34,91.4 1 1
sandboxd-o/pkg/logging/logging.go:92.3,92.36 1 1
sandboxd-o/pkg/logging/logging.go:95.2,96.23 2 1
sandboxd-o/pkg/logging/logging.go:96.23,98.3 1 1
sandboxd-o/pkg/logging/logging.go:100.2,104.8 1 1
sandboxd-o/pkg/logging/logging.go:107.32,108.14 1 1
sandboxd-o/pkg/logging/logging.go:108.14,110.3 1 0
sandboxd-o/pkg/logging/logging.go:111.2,111.21 1 1
sandboxd-o/pkg/logging/logging.go:111.21,113.3 1 1
sandboxd-o/pkg/logging/logging.go:114.2,114.12 1 0
sandboxd-o/pkg/logging/logging.go:117.47,118.14 1 1
sandboxd-o/pkg/logging/logging.go:118.14,120.3 1 0
sandboxd-o/pkg/logging/logging.go:121.2,121.26 1 1
sandboxd-o/pkg/logging/logging.go:124.49,125.19 1 1
sandboxd-o/pkg/logging/logging.go:125.19,127.3 1 1
sandboxd-o/pkg/logging/logging.go:129.2,133.3 2 0
sandboxd-o/pkg/logging/logging.go:140.50,141.33 1 1
sandboxd-o/pkg/logging/logging.go:141.33,143.3 1 0
sandboxd-o/pkg/logging/logging.go:145.2,146.15 2 1
sandboxd-o/pkg/logging/logging.go:146.15,148.3 1 0
sandboxd-o/pkg/logging/logging.go:150.2,151.20 2 1
sandboxd-o/pkg/logging/logging.go:161.80,162.19 1 8
sandboxd-o/pkg/logging/logging.go:162.19,164.3 1 2
sandboxd-o/pkg/logging/logging.go:165.2,165.31 1 6
sandboxd-o/pkg/logging/logging.go:165.31,167.3 1 0
sandboxd-o/pkg/logging/logging.go:168.2,168.38 1 6
sandboxd-o/pkg/logging/logging.go:171.82,173.2 1 4
sandboxd-o/pkg/logging/logging.go:175.70,182.2 1 3
sandboxd-o/pkg/logging/logging.go:184.64,191.2 1 0
sandboxd-o/pkg/logging/logging.go:197.73,198.31 1 2
sandboxd-o/pkg/logging/logging.go:198.31,199.28 1 2
sandboxd-o/pkg/logging/logging.go:199.28,201.4 1 2
sandboxd-o/pkg/logging/logging.go:203.2,203.14 1 0
sandboxd-o/pkg/logging/logging.go:206.75,207.31 1 2
sandboxd-o/pkg/logging/logging.go:207.31,208.35 1 6
sandboxd-o/pkg/logging/logging.go:208.35,210.4 1 4
sandboxd-o/pkg/logging/logging.go:212.2,212.12 1 2
sandboxd-o/pkg/logging/logging.go:215.63,217.31 2 1
sandboxd-o/pkg/logging/logging.go:217.31,219.3 1 3
sandboxd-o/pkg/logging/logging.go:220.2,220.35 1 1
sandboxd-o/pkg/logging/logging.go:223.57,225.31 2 0
sandboxd-o/pkg/logging/logging.go:225.31,227.3 1 0
sandboxd-o/pkg/logging/logging.go:228.2,228.35 1 0
sandboxd-o/pkg/logging/logging.go:239.77,241.51 2 1
sandboxd-o/pkg/logging/logging.go:241.51,243.3 1 0
sandboxd-o/pkg/logging/logging.go:244.2,244.15 1 1
sandboxd-o/pkg/logging/logging.go:247.59,252.35 4 2
sandboxd-o/pkg/logging/logging.go:252.35,253.39 1 0
sandboxd-o/pkg/logging/logging.go:253.39,255.4 1 0
sandboxd-o/pkg/logging/logging.go:258.2,258.19 1 2
sandboxd-o/pkg/logging/logging.go:258.19,259.39 1 0
sandboxd-o/pkg/logging/logging.go:259.39,261.4 1 0
sandboxd-o/pkg/logging/logging.go:264.2,265.16 2 2
sandboxd-o/pkg/logging/logging.go:265.16,267.3 1 0
sandboxd-o/pkg/logging/logging.go:268.2,268.38 1 2
sandboxd-o/pkg/logging/logging.go:268.38,270.3 1 0
sandboxd-o/pkg/logging/logging.go:271.2,271.15 1 2
sandboxd-o/pkg/logging/logging.go:274.44,278.19 3 1
sandboxd-o/pkg/logging/logging.go:278.19,280.3 1 0
sandboxd-o/pkg/logging/logging.go:281.2,281.38 1 1
sandboxd-o/pkg/logging/logging.go:281.38,285.3 3 0
sandboxd-o/pkg/logging/logging.go:286.2,288.12 3 1
sandboxd-o/pkg/logging/logging.go:291.58,292.50 1 1
sandboxd-o/pkg/logging/logging.go:292.50,294.3 1 0
sandboxd-o/pkg/logging/logging.go:296.2,296.19 1 1
sandboxd-o/pkg/logging/logging.go:296.19,300.3 3 0
sandboxd-o/pkg/logging/logging.go:302.2,304.16 3 1
sandboxd-o/pkg/logging/logging.go:304.16,306.3 1 0
sandboxd-o/pkg/logging/logging.go:308.2,310.12 3 1
sandboxd-o/pkg/logging/logging.go:313.62,316.2 2 1
sandboxd-o/pkg/logging/logging.go:318.44,318.76 1 9
sandboxd-o/pkg/logging/logging.go:320.36,322.2 1 4
sandboxd-o/pkg/logging/logging.go:324.42,326.19 2 2
sandboxd-o/pkg/logging/logging.go:326.19,328.3 1 2
sandboxd-o/pkg/logging/logging.go:330.2,330.15 1 2
sandboxd-o/pkg/logging/logging.go:330.15,332.3 1 2
sandboxd-o/pkg/logging/logging.go:334.2,334.33 1 2
sandboxd-o/sandboxd/config/config.go:46.29,48.16 2 1
sandboxd-o/sandboxd/config/config.go:48.16,50.3 1 0
sandboxd-o/sandboxd/config/config.go:52.2,68.3 1 1
sandboxd-o/sandboxd/config/config.go:71.44,72.33 1 2
sandboxd-o/sandboxd/config/config.go:72.33,74.3 1 2
sandboxd-o/sandboxd/config/config.go:76.2,76.28 1 2
sandboxd-o/sandboxd/config/config.go:76.28,78.3 1 2
sandboxd-o/sandboxd/config/config.go:80.2,80.23 1 2
sandboxd-o/sandboxd/config/config.go:80.23,82.3 1 2
sandboxd-o/sandboxd/config/config.go:84.2,84.31 1 2
sandboxd-o/sandboxd/config/config.go:84.31,86.3 1 2
sandboxd-o/sandboxd/config/config.go:88.2,88.26 1 2
sandboxd-o/sandboxd/config/config.go:88.26,90.3 1 2
sandboxd-o/sandboxd/config/config.go:92.2,92.27 1 2
sandboxd-o/sandboxd/config/config.go:92.27,94.3 1 2
sandboxd-o/sandboxd/config/config.go:96.2,96.32 1 2
sandboxd-o/sandboxd/config/config.go:96.32,98.3 1 2
sandboxd-o/sandboxd/config/config.go:100.2,100.29 1 2
sandboxd-o/sandboxd/config/config.go:100.29,102.3 1 2
sandboxd-o/sandboxd/config/config.go:104.2,104.27 1 2
sandboxd-o/sandboxd/config/config.go:104.27,106.3 1 2
sandboxd-o/sandboxd/config/config.go:108.2,108.29 1 2
sandboxd-o/sandboxd/config/config.go:108.29,110.3 1 2
sandboxd-o/sandboxd/config/config.go:112.2,112.59 1 2
sandboxd-o/sandboxd/config/config.go:112.59,114.3 1 2
sandboxd-o/sandboxd/config/config.go:116.2,116.31 1 2
sandboxd-o/sandboxd/config/config.go:116.31,118.3 1 2
sandboxd-o/sandboxd/config/config.go:120.2,120.37 1 2
sandboxd-o/sandboxd/config/config.go:120.37,122.3 1 2
sandboxd-o/sandboxd/config/config.go:124.2,124.31 1 2
sandboxd-o/sandboxd/config/config.go:124.31,126.3 1 2
sandboxd-o/sandboxd/config/config.go:128.2,128.12 1 2
sandboxd-o/sandboxd/model/validate.go:8.48,9.16 1 4
sandboxd-o/sandboxd/model/validate.go:9.16,11.3 1 0
sandboxd-o/sandboxd/model/validate.go:13.2,13.27 1 4
sandboxd-o/sandboxd/model/validate.go:13.27,15.3 1 0
sandboxd-o/sandboxd/model/validate.go:17.2,18.33 2 4
sandboxd-o/sandboxd/model/validate.go:18.33,19.36 1 5
sandboxd-o/sandboxd/model/validate.go:19.36,21.4 1 0
sandboxd-o/sandboxd/model/validate.go:23.3,23.46 1 5
sandboxd-o/sandboxd/model/validate.go:23.46,25.4 1 0
sandboxd-o/sandboxd/model/validate.go:27.3,27.49 1 5
sandboxd-o/sandboxd/model/validate.go:27.49,29.4 1 0
sandboxd-o/sandboxd/model/validate.go:31.3,31.37 1 5
sandboxd-o/sandboxd/model/validate.go:31.37,33.4 1 1
sandboxd-o/sandboxd/model/validate.go:35.3,35.33 1 4
sandboxd-o/sandboxd/model/validate.go:38.2,39.28 2 3
sandboxd-o/sandboxd/model/validate.go:39.28,40.93 1 3
sandboxd-o/sandboxd/model/validate.go:40.93,42.4 1 0
sandboxd-o/sandboxd/model/validate.go:44.3,44.24 1 3
sandboxd-o/sandboxd/model/validate.go:44.24,46.4 1 1
sandboxd-o/sandboxd/model/validate.go:48.3,49.18 2 2
sandboxd-o/sandboxd/model/validate.go:49.18,51.4 1 0
sandboxd-o/sandboxd/model/validate.go:53.3,53.39 1 2
sandboxd-o/sandboxd/model/validate.go:53.39,55.4 1 1
sandboxd-o/sandboxd/model/validate.go:57.3,57.45 1 1
sandboxd-o/sandboxd/model/validate.go:57.45,59.4 1 0
sandboxd-o/sandboxd/model/validate.go:61.3,61.41 1 1
sandboxd-o/sandboxd/model/validate.go:64.2,64.12 1 1
sandboxd-o/sandboxd/http/external_ip.go:15.68,18.16 3 1
sandboxd-o/sandboxd/http/external_ip.go:18.16,20.3 1 1
sandboxd-o/sandboxd/http/external_ip.go:22.2,22.39 1 0
sandboxd-o/sandboxd/http/response.go:9.78,10.22 1 1
sandboxd-o/sandboxd/http/response.go:10.22,12.3 1 1
sandboxd-o/sandboxd/http/response.go:14.2,14.23 1 1
sandboxd-o/sandboxd/http/response.go:17.56,19.2 1 0
sandboxd-o/sandboxd/http/response.go:21.64,22.15 1 1
sandboxd-o/sandboxd/http/response.go:22.15,24.3 1 1
sandboxd-o/sandboxd/http/response.go:26.2,26.35 1 1
sandboxd-o/sandboxd/store/file_store.go:16.55,17.52 1 2
sandboxd-o/sandboxd/store/file_store.go:17.52,19.3 1 0
sandboxd-o/sandboxd/store/file_store.go:21.2,21.42 1 2
sandboxd-o/sandboxd/store/file_store.go:24.51,26.48 2 1
sandboxd-o/sandboxd/store/file_store.go:26.48,28.3 1 0
sandboxd-o/sandboxd/store/file_store.go:30.2,31.16 2 1
sandboxd-o/sandboxd/store/file_store.go:31.16,33.3 1 0
sandboxd-o/sandboxd/store/file_store.go:35.2,35.65 1 1
sandboxd-o/sandboxd/store/file_store.go:38.61,40.16 2 3
sandboxd-o/sandboxd/store/file_store.go:40.16,42.3 1 1
sandboxd-o/sandboxd/store/file_store.go:44.2,45.47 2 2
sandboxd-o/sandboxd/store/file_store.go:45.47,47.3 1 0
sandboxd-o/sandboxd/store/file_store.go:49.2,49.17 1 2
sandboxd-o/sandboxd/store/file_store.go:52.45,54.36 2 1
sandboxd-o/sandboxd/store/file_store.go:54.36,56.3 1 0
sandboxd-o/sandboxd/store/file_store.go:58.2,58.12 1 1
sandboxd-o/sandboxd/store/file_store.go:61.54,63.16 2 1
sandboxd-o/sandboxd/store/file_store.go:63.16,65.3 1 0
sandboxd-o/sandboxd/store/file_store.go:67.2,68.28 2 1
sandboxd-o/sandboxd/store/file_store.go:68.28,69.17 1 1
sandboxd-o/sandboxd/store/file_store.go:69.17,70.12 1 0
sandboxd-o/sandboxd/store/file_store.go:73.3,74.17 2 1
sandboxd-o/sandboxd/store/file_store.go:74.17,76.4 1 1
sandboxd-o/sandboxd/store/file_store.go:79.2,79.17 1 1
sandboxd-o/orchestrator/http/handlers/handler.go:21.41,23.2 1 3
sandboxd-o/orchestrator/http/handlers/handler.go:25.43,27.2 1 2
sandboxd-o/orchestrator/http/handlers/handler.go:29.48,31.47 2 3
sandboxd-o/orchestrator/http/handlers/handler.go:31.47,34.3 2 0
sandboxd-o/orchestrator/http/handlers/handler.go:36.2,37.16 2 3
sandboxd-o/orchestrator/http/handlers/handler.go:37.16,38.46 1 2
sandboxd-o/orchestrator/http/handlers/handler.go:38.46,41.4 2 2
sandboxd-o/orchestrator/http/handlers/handler.go:43.3,44.9 2 0
sandboxd-o/orchestrator/http/handlers/handler.go:47.2,47.41 1 1
sandboxd-o/orchestrator/http/handlers/handler.go:50.45,52.16 2 1
sandboxd-o/orchestrator/http/handlers/handler.go:52.16,55.3 2 0
sandboxd-o/orchestrator/http/handlers/handler.go:57.2,57.46 1 1
sandboxd-o/orchestrator/http/handlers/handler.go:60.43,62.16 2 2
sandboxd-o/orchestrator/http/handlers/handler.go:62.16,63.36 1 1
sandboxd-o/orchestrator/http/handlers/handler.go:63.36,66.4 2 1
sandboxd-o/orchestrator/http/handlers/handler.go:68.3,69.9 2 0
sandboxd-o/orchestrator/http/handlers/handler.go:72.2,72.41 1 1
sandboxd-o/orchestrator/http/handlers/handler.go:75.46,76.79 1 2
sandboxd-o/orchestrator/http/handlers/handler.go:76.79,77.46 1 1
sandboxd-o/orchestrator/http/handlers/handler.go:77.46,80.4 2 1
sandboxd-o/orchestrator/http/handlers/handler.go:82.3,83.9 2 0
sandboxd-o/orchestrator/http/handlers/handler.go:86.2,86.58 1 1
sandboxd-o/orchestrator/http/handlers/handler.go:89.49,91.16 2 1
sandboxd-o/orchestrator/http/handlers/handler.go:91.16,92.36 1 0
sandboxd-o/orchestrator/http/handlers/handler.go:92.36,95.4 2 0
sandboxd-o/orchestrator/http/handlers/handler.go:97.3,98.9 2 0
sandboxd-o/orchestrator/http/handlers/handler.go:101.2,104.18 4 1
sandboxd-o/orchestrator/http/handlers/handler.go:104.18,106.3 1 0
sandboxd-o/orchestrator/http/handlers/handler.go:108.2,109.18 2 1
sandboxd-o/orchestrator/http/handlers/handler.go:109.18,111.3 1 1
sandboxd-o/orchestrator/http/handlers/handler.go:113.2,119.4 1 1
sandboxd-o/orchestrator/http/handlers/handler.go:122.53,124.16 2 1
sandboxd-o/orchestrator/http/handlers/handler.go:124.16,127.3 2 0
sandboxd-o/orchestrator/http/handlers/handler.go:129.2,131.27 3 1
sandboxd-o/orchestrator/http/handlers/handler.go:134.50,136.16 2 1
sandboxd-o/orchestrator/http/handlers/handler.go:136.16,139.3 2 0
sandboxd-o/orchestrator/http/handlers/handler.go:141.2,142.27 2 1
sandboxd-o/orchestrator/http/handlers/handler.go:145.53,147.16 2 2
sandboxd-o/orchestrator/http/handlers/handler.go:147.16,150.3 2 0
sandboxd-o/orchestrator/http/handlers/handler.go:152.2,153.47 2 2
sandboxd-o/orchestrator/http/handlers/handler.go:153.47,156.3 2 1
sandboxd-o/orchestrator/http/handlers/handler.go:158.2,159.27 2 1
sandboxd-o/orchestrator/http/handlers/handler.go:162.53,164.16 2 1
sandboxd-o/orchestrator/http/handlers/handler.go:164.16,167.3 2 0
sandboxd-o/orchestrator/http/handlers/handler.go:169.2,170.27 2 1
sandboxd-o/orchestrator/http/handlers/handler.go:173.53,175.16 2 1
sandboxd-o/orchestrator/http/handlers/handler.go:175.16,178.3 2 0
sandboxd-o/orchestrator/http/handlers/handler.go:180.2,182.27 3 1
sandboxd-o/orchestrator/http/handlers/handler.go:185.49,187.16 2 1
sandboxd-o/orchestrator/http/handlers/handler.go:187.16,190.3 2 0
sandboxd-o/orchestrator/http/handlers/handler.go:192.2,193.27 2 1
sandboxd-o/orchestrator/http/handlers/handler.go:196.49,198.47 2 2
sandboxd-o/orchestrator/http/handlers/handler.go:198.47,201.3 2 0
sandboxd-o/orchestrator/http/handlers/handler.go:202.2,203.16 2 2
sandboxd-o/orchestrator/http/handlers/handler.go:203.16,204.46 1 1
sandboxd-o/orchestrator/http/handlers/handler.go:204.46,207.4 2 1
sandboxd-o/orchestrator/http/handlers/handler.go:208.3,209.9 2 0
sandboxd-o/orchestrator/http/handlers/handler.go:211.2,211.51 1 1
sandboxd-o/orchestrator/http/handlers/handler.go:214.49,216.16 2 1
sandboxd-o/orchestrator/http/handlers/handler.go:216.16,219.3 2 0
sandboxd-o/orchestrator/http/handlers/handler.go:220.2,220.44 1 1
sandboxd-o/orchestrator/http/handlers/handler.go:223.46,225.16 2 1
sandboxd-o/orchestrator/http/handlers/handler.go:225.16,226.36 1 0
sandboxd-o/orchestrator/http/handlers/handler.go:226.36,229.4 2 0
sandboxd-o/orchestrator/http/handlers/handler.go:230.3,231.9 2 0
sandboxd-o/orchestrator/http/handlers/handler.go:233.2,233.46 1 1
sandboxd-o/orchestrator/http/handlers/handler.go:236.49,237.80 1 1
sandboxd-o/orchestrator/http/handlers/handler.go:237.80,238.46 1 0
sandboxd-o/orchestrator/http/handlers/handler.go:238.46,241.4 2 0
sandboxd-o/orchestrator/http/handlers/handler.go:242.3,242.36 1 0
sandboxd-o/orchestrator/http/handlers/handler.go:242.36,245.4 2 0
sandboxd-o/orchestrator/http/handlers/handler.go:246.3,247.9 2 0
sandboxd-o/orchestrator/http/handlers/handler.go:249.2,249.75 1 1
sandboxd-o/orchestrator/http/handlers/handler.go:252.48,253.35 1 2
sandboxd-o/orchestrator/http/handlers/handler.go:253.35,256.3 2 1
sandboxd-o/orchestrator/http/handlers/handler.go:258.2,258.69 1 1
sandboxd-o/orchestrator/http/handlers/handler.go:261.66,262.16 1 8
sandboxd-o/orchestrator/http/handlers/handler.go:262.16,265.3 2 1
sandboxd-o/orchestrator/http/handlers/handler.go:267.2,267.28 1 7
sandboxd-o/orchestrator/http/handlers/handler.go:270.34,271.16 1 4
sandboxd-o/orchestrator/http/handlers/handler.go:271.16,273.3 1 3
sandboxd-o/orchestrator/http/handlers/handler.go:275.2,275.20 1 1
sandboxd-o/orchestrator/service/bootstrap.go:8.61,10.42 2 1
sandboxd-o/orchestrator/service/bootstrap.go:10.42,11.65 1 2
sandboxd-o/orchestrator/service/bootstrap.go:11.65,18.12 2 1
sandboxd-o/orchestrator/service/bootstrap.go:21.3,22.23 2 1
sandboxd-o/orchestrator/service/bootstrap.go:22.23,28.4 1 0
sandboxd-o/orchestrator/service/bootstrap.go:30.3,30.80 1 1
sandboxd-o/orchestrator/service/bootstrap.go:30.80,32.4 1 0
sandboxd-o/orchestrator/service/bootstrap.go:35.2,35.12 1 1
sandboxd-o/orchestrator/service/node_ops.go:15.120,16.70 1 10
sandboxd-o/orchestrator/service/node_ops.go:16.70,18.3 1 0
sandboxd-o/orchestrator/service/node_ops.go:20.2,20.18 1 10
sandboxd-o/orchestrator/service/node_ops.go:20.18,22.3 1 0
sandboxd-o/orchestrator/service/node_ops.go:24.2,24.83 1 10
sandboxd-o/orchestrator/service/node_ops.go:24.83,26.3 1 0
sandboxd-o/orchestrator/service/node_ops.go:28.2,29.16 2 10
sandboxd-o/orchestrator/service/node_ops.go:29.16,31.3 1 0
sandboxd-o/orchestrator/service/node_ops.go:33.2,35.38 3 10
sandboxd-o/orchestrator/service/node_ops.go:38.70,39.35 1 3
sandboxd-o/orchestrator/service/node_ops.go:39.35,41.3 1 1
sandboxd-o/orchestrator/service/node_ops.go:43.2,43.53 1 2
sandboxd-o/orchestrator/service/node_ops.go:43.53,45.3 1 0
sandboxd-o/orchestrator/service/node_ops.go:47.2,48.12 2 2
sandboxd-o/orchestrator/service/node_ops.go:51.72,53.2 1 2
sandboxd-o/orchestrator/service/node_ops.go:55.82,57.2 1 1
sandboxd-o/orchestrator/service/node_ops.go:59.111,61.16 2 11
sandboxd-o/orchestrator/service/node_ops.go:61.16,63.3 1 0
sandboxd-o/orchestrator/service/node_ops.go:65.2,66.18 2 11
sandboxd-o/orchestrator/service/node_ops.go:69.64,79.16 8 22
sandboxd-o/orchestrator/service/node_ops.go:79.16,81.55 2 9
sandboxd-o/orchestrator/service/node_ops.go:81.55,83.4 1 4
sandboxd-o/orchestrator/service/node_ops.go:85.3,87.94 3 9
sandboxd-o/orchestrator/service/node_ops.go:87.94,89.4 1 4
sandboxd-o/orchestrator/service/node_ops.go:90.8,94.59 4 13
sandboxd-o/orchestrator/service/node_ops.go:94.59,96.4 1 10
sandboxd-o/orchestrator/service/node_ops.go:99.2,99.22 1 22
sandboxd-o/orchestrator/service/node_ops.go:99.22,101.3 1 1
sandboxd-o/orchestrator/service/node_ops.go:103.2,103.148 1 22
sandboxd-o/orchestrator/service/node_ops.go:103.148,105.3 1 0
sandboxd-o/orchestrator/service/node_ops.go:108.72,114.16 5 20
sandboxd-o/orchestrator/service/node_ops.go:114.16,117.3 2 11
sandboxd-o/orchestrator/service/node_ops.go:119.2,122.103 4 9
sandboxd-o/orchestrator/service/node_ops.go:122.103,124.3 1 1
sandboxd-o/orchestrator/service/node_ops.go:126.2,126.69 1 8
sandboxd-o/orchestrator/service/node_ops.go:126.69,129.3 2 0
sandboxd-o/orchestrator/service/node_ops.go:131.2,131.45 1 8
sandboxd-o/orchestrator/service/node_ops.go:134.59,135.12 1 1
sandboxd-o/orchestrator/service/node_ops.go:135.12,138.7 3 1
sandboxd-o/orchestrator/service/node_ops.go:138.7,139.11 1 4
sandboxd-o/orchestrator/service/node_ops.go:140.22,141.11 1 1
sandboxd-o/orchestrator/service/node_ops.go:142.15,143.28 1 3
sandboxd-o/orchestrator/service/node_ops.go:149.62,150.12 1 1
sandboxd-o/orchestrator/service/node_ops.go:150.12,153.7 3 1
sandboxd-o/orchestrator/service/node_ops.go:153.7,154.11 1 4
sandboxd-o/orchestrator/service/node_ops.go:155.22,156.11 1 1
sandboxd-o/orchestrator/service/node_ops.go:157.15,158.31 1 3
sandboxd-o/orchestrator/service/node_ops.go:164.57,166.16 2 5
sandboxd-o/orchestrator/service/node_ops.go:166.16,169.3 2 1
sandboxd-o/orchestrator/service/node_ops.go:171.2,171.40 1 4
sandboxd-o/orchestrator/service/node_ops.go:174.60,176.16 2 5
sandboxd-o/orchestrator/service/node_ops.go:176.16,179.3 2 1
sandboxd-o/orchestrator/service/node_ops.go:181.2,181.48 1 4
sandboxd-o/orchestrator/service/node_ops.go:184.110,185.49 1 9
sandboxd-o/orchestrator/service/node_ops.go:185.49,186.27 1 0
sandboxd-o/orchestrator/service/node_ops.go:186.27,188.4 1 0
sandboxd-o/orchestrator/service/node_ops.go:189.3,189.9 1 0
sandboxd-o/orchestrator/service/node_ops.go:192.2,196.26 4 9
sandboxd-o/orchestrator/service/node_ops.go:196.26,199.28 3 18
sandboxd-o/orchestrator/service/node_ops.go:199.28,201.17 2 18
sandboxd-o/orchestrator/service/node_ops.go:201.17,201.26 1 18
sandboxd-o/orchestrator/service/node_ops.go:202.4,202.17 1 18
sandboxd-o/orchestrator/service/node_ops.go:206.2,206.11 1 9
sandboxd-o/orchestrator/service/sandbox_ops.go:18.116,19.51 1 11
sandboxd-o/orchestrator/service/sandbox_ops.go:19.51,21.3 1 2
sandboxd-o/orchestrator/service/sandbox_ops.go:23.2,33.29 3 9
sandboxd-o/orchestrator/service/sandbox_ops.go:33.29,36.3 2 1
sandboxd-o/orchestrator/service/sandbox_ops.go:38.2,38.58 1 9
sandboxd-o/orchestrator/service/sandbox_ops.go:38.58,40.3 1 0
sandboxd-o/orchestrator/service/sandbox_ops.go:41.2,41.42 1 9
sandboxd-o/orchestrator/service/sandbox_ops.go:44.86,46.2 1 9
sandboxd-o/orchestrator/service/sandbox_ops.go:48.79,50.2 1 0
sandboxd-o/orchestrator/service/sandbox_ops.go:52.71,54.14 2 1
sandboxd-o/orchestrator/service/sandbox_ops.go:54.14,56.3 1 0
sandboxd-o/orchestrator/service/sandbox_ops.go:58.2,59.16 2 1
sandboxd-o/orchestrator/service/sandbox_ops.go:59.16,61.3 1 0
sandboxd-o/orchestrator/service/sandbox_ops.go:63.2,63.52 1 1
sandboxd-o/orchestrator/service/sandbox_ops.go:63.52,65.3 1 0
sandboxd-o/orchestrator/service/sandbox_ops.go:67.2,69.75 3 1
sandboxd-o/orchestrator/service/sandbox_ops.go:69.75,71.3 1 0
sandboxd-o/orchestrator/service/sandbox_ops.go:73.2,73.43 1 1
sandboxd-o/orchestrator/service/sandbox_ops.go:76.87,77.31 1 3
sandboxd-o/orchestrator/service/sandbox_ops.go:77.31,79.17 2 3
sandboxd-o/orchestrator/service/sandbox_ops.go:79.17,83.4 3 0
sandboxd-o/orchestrator/service/sandbox_ops.go:84.3,84.62 1 3
sandboxd-o/orchestrator/service/sandbox_ops.go:84.62,88.4 3 0
sandboxd-o/orchestrator/service/sandbox_ops.go:90.2,91.45 2 3
sandboxd-o/orchestrator/service/sandbox_ops.go:94.72,95.37 1 11
sandboxd-o/orchestrator/service/sandbox_ops.go:95.37,97.3 1 1
sandboxd-o/orchestrator/service/sandbox_ops.go:98.2,98.35 1 10
sandboxd-o/orchestrator/service/sandbox_ops.go:98.35,100.3 1 0
sandboxd-o/orchestrator/service/sandbox_ops.go:101.2,101.40 1 10
sandboxd-o/orchestrator/service/sandbox_ops.go:101.40,102.74 1 10
sandboxd-o/orchestrator/service/sandbox_ops.go:102.74,104.4 1 0
sandboxd-o/orchestrator/service/sandbox_ops.go:105.3,105.92 1 10
sandboxd-o/orchestrator/service/sandbox_ops.go:105.92,107.4 1 0
sandboxd-o/orchestrator/service/sandbox_ops.go:108.3,108.58 1 10
sandboxd-o/orchestrator/service/sandbox_ops.go:108.58,110.4 1 1
sandboxd-o/orchestrator/service/sandbox_ops.go:111.3,111.64 1 9
sandboxd-o/orchestrator/service/sandbox_ops.go:111.64,113.4 1 0
sandboxd-o/orchestrator/service/sandbox_ops.go:115.2,115.35 1 9
sandboxd-o/orchestrator/service/sandbox_ops.go:115.35,116.53 1 9
sandboxd-o/orchestrator/service/sandbox_ops.go:116.53,118.4 1 0
sandboxd-o/orchestrator/service/sandbox_ops.go:119.3,119.64 1 9
sandboxd-o/orchestrator/service/sandbox_ops.go:119.64,121.4 1 0
sandboxd-o/orchestrator/service/sandbox_ops.go:122.3,123.18 2 9
sandboxd-o/orchestrator/service/sandbox_ops.go:123.18,124.12 1 4
sandboxd-o/orchestrator/service/sandbox_ops.go:126.3,126.39 1 5
sandboxd-o/orchestrator/service/sandbox_ops.go:126.39,128.4 1 0
sandboxd-o/orchestrator/service/sandbox_ops.go:130.2,130.12 1 9
sandboxd-o/orchestrator/service/sandbox_ops.go:133.57,135.16 2 9
sandboxd-o/orchestrator/service/sandbox_ops.go:135.16,137.3 1 0
sandboxd-o/orchestrator/service/sandbox_ops.go:138.2,138.32 1 9
sandboxd-o/orchestrator/service/sandbox_ops.go:138.32,139.52 1 10
sandboxd-o/orchestrator/service/sandbox_ops.go:139.52,140.12 1 1
sandboxd-o/orchestrator/service/sandbox_ops.go:142.3,142.26 1 9
sandboxd-o/orchestrator/service/sandbox_ops.go:146.71,148.16 2 9
sandboxd-o/orchestrator/service/sandbox_ops.go:148.16,150.3 1 0
sandboxd-o/orchestrator/service/sandbox_ops.go:152.2,153.16 2 9
sandboxd-o/orchestrator/service/sandbox_ops.go:153.16,158.3 4 0
sandboxd-o/orchestrator/service/sandbox_ops.go:160.2,165.26 3 9
sandboxd-o/orchestrator/service/sandbox_ops.go:165.26,166.38 1 10
sandboxd-o/orchestrator/service/sandbox_ops.go:166.38,167.12 1 0
sandboxd-o/orchestrator/service/sandbox_ops.go:169.3,169.87 1 10
sandboxd-o/orchestrator/service/sandbox_ops.go:169.87,170.12 1 0
sandboxd-o/orchestrator/service/sandbox_ops.go:172.3,173.17 2 10
sandboxd-o/orchestrator/service/sandbox_ops.go:173.17,174.12 1 0
sandboxd-o/orchestrator/service/sandbox_ops.go:176.3,177.10 2 10
sandboxd-o/orchestrator/service/sandbox_ops.go:177.10,178.12 1 2
sandboxd-o/orchestrator/service/sandbox_ops.go:180.3,180.58 1 8
sandboxd-o/orchestrator/service/sandbox_ops.go:183.2,183.21 1 9
sandboxd-o/orchestrator/service/sandbox_ops.go:183.21,188.3 4 2
sandboxd-o/orchestrator/service/sandbox_ops.go:190.2,190.40 1 7
sandboxd-o/orchestrator/service/sandbox_ops.go:190.40,193.17 3 1
sandboxd-o/orchestrator/service/sandbox_ops.go:193.17,195.4 1 0
sandboxd-o/orchestrator/service/sandbox_ops.go:196.3,196.19 1 1
sandboxd-o/orchestrator/service/sandbox_ops.go:198.2,200.110 2 7
sandboxd-o/orchestrator/service/sandbox_ops.go:200.110,205.3 4 0
sandboxd-o/orchestrator/service/sandbox_ops.go:207.2,208.16 2 7
sandboxd-o/orchestrator/service/sandbox_ops.go:208.16,210.3 1 0
sandboxd-o/orchestrator/service/sandbox_ops.go:212.2,212.59 1 7
sandboxd-o/orchestrator/service/sandbox_ops.go:212.59,218.3 5 0
sandboxd-o/orchestrator/service/sandbox_ops.go:220.2,222.64 3 7
sandboxd-o/orchestrator/service/sandbox_ops.go:225.85,227.16 2 7
sandboxd-o/orchestrator/service/sandbox_ops.go:227.16,229.3 1 0
sandboxd-o/orchestrator/service/sandbox_ops.go:231.2,232.45 2 7
sandboxd-o/orchestrator/service/sandbox_ops.go:232.45,234.3 1 7
sandboxd-o/orchestrator/service/sandbox_ops.go:235.2,235.40 1 7
sandboxd-o/orchestrator/service/sandbox_ops.go:235.40,244.3 1 7
sandboxd-o/orchestrator/service/sandbox_ops.go:246.2,247.12 2 7
sandboxd-o/orchestrator/service/sandbox_ops.go:250.75,253.36 3 9
sandboxd-o/orchestrator/service/sandbox_ops.go:253.36,255.17 2 9
sandboxd-o/orchestrator/service/sandbox_ops.go:255.17,257.4 1 0
sandboxd-o/orchestrator/service/sandbox_ops.go:258.3,259.17 2 9
sandboxd-o/orchestrator/service/sandbox_ops.go:259.17,261.4 1 0
sandboxd-o/orchestrator/service/sandbox_ops.go:262.3,263.18 2 9
sandboxd-o/orchestrator/service/sandbox_ops.go:265.2,265.32 1 9
sandboxd-o/orchestrator/service/sandbox_ops.go:268.47,270.16 2 19
sandboxd-o/orchestrator/service/sandbox_ops.go:270.16,272.3 1 1
sandboxd-o/orchestrator/service/sandbox_ops.go:273.2,273.28 1 18
sandboxd-o/orchestrator/service/sandbox_ops.go:276.50,278.16 2 18
sandboxd-o/orchestrator/service/sandbox_ops.go:278.16,280.3 1 0
sandboxd-o/orchestrator/service/sandbox_ops.go:281.2,281.23 1 18
sandboxd-o/orchestrator/service/sandbox_ops.go:284.133,285.20 1 10
sandboxd-o/orchestrator/service/sandbox_ops.go:285.20,287.3 1 0
sandboxd-o/orchestrator/service/sandbox_ops.go:288.2,290.22 3 10
sandboxd-o/orchestrator/service/sandbox_ops.go:290.22,292.3 1 1
sandboxd-o/orchestrator/service/sandbox_ops.go:294.2,295.25 2 10
sandboxd-o/orchestrator/service/sandbox_ops.go:295.25,297.14 2 10
sandboxd-o/orchestrator/service/sandbox_ops.go:297.14,298.31 1 5
sandboxd-o/orchestrator/service/sandbox_ops.go:298.31,299.53 1 5
sandboxd-o/orchestrator/service/sandbox_ops.go:299.53,302.11 3 5
sandboxd-o/orchestrator/service/sandbox_ops.go:304.5,304.18 1 0
sandboxd-o/orchestrator/service/sandbox_ops.go:306.4,306.15 1 5
sandboxd-o/orchestrator/service/sandbox_ops.go:306.15,308.5 1 0
sandboxd-o/orchestrator/service/sandbox_ops.go:310.3,310.35 1 10
sandboxd-o/orchestrator/service/sandbox_ops.go:310.35,312.4 1 1
sandboxd-o/orchestrator/service/sandbox_ops.go:313.3,313.41 1 9
sandboxd-o/orchestrator/service/sandbox_ops.go:313.41,315.4 1 1
sandboxd-o/orchestrator/service/sandbox_ops.go:316.3,318.18 3 8
sandboxd-o/orchestrator/service/sandbox_ops.go:318.18,320.4 1 4
sandboxd-o/orchestrator/service/sandbox_ops.go:321.3,321.118 1 8
sandboxd-o/orchestrator/service/sandbox_ops.go:323.2,323.23 1 8
sandboxd-o/orchestrator/service/sandbox_ops.go:326.64,328.16 2 2
sandboxd-o/orchestrator/service/sandbox_ops.go:328.16,330.3 1 0
sandboxd-o/orchestrator/service/sandbox_ops.go:331.2,332.32 2 2
sandboxd-o/orchestrator/service/sandbox_ops.go:332.32,333.53 1 2
sandboxd-o/orchestrator/service/sandbox_ops.go:333.53,335.12 2 1
sandboxd-o/orchestrator/service/sandbox_ops.go:337.3,337.68 1 1
sandboxd-o/orchestrator/service/sandbox_ops.go:337.68,342.4 4 1
sandboxd-o/orchestrator/service/sandbox_ops.go:346.59,347.12 1 0
sandboxd-o/orchestrator/service/sandbox_ops.go:347.12,350.7 3 0
sandboxd-o/orchestrator/service/sandbox_ops.go:350.7,351.11 1 0
sandboxd-o/orchestrator/service/sandbox_ops.go:352.22,353.11 1 0
sandboxd-o/orchestrator/service/sandbox_ops.go:354.15,355.28 1 0
sandboxd-o/orchestrator/service/sandbox_ops.go:361.66,362.12 1 0
sandboxd-o/orchestrator/service/sandbox_ops.go:362.12,365.7 3 0
sandboxd-o/orchestrator/service/sandbox_ops.go:365.7,366.11 1 0
sandboxd-o/orchestrator/service/sandbox_ops.go:367.22,368.11 1 0
sandboxd-o/orchestrator/service/sandbox_ops.go:369.15,370.35 1 0
sandboxd-o/orchestrator/service/sandbox_ops.go:376.81,378.16 2 0
sandboxd-o/orchestrator/service/sandbox_ops.go:378.16,379.36 1 0
sandboxd-o/orchestrator/service/sandbox_ops.go:379.36,381.4 1 0
sandboxd-o/orchestrator/service/sandbox_ops.go:382.3,382.13 1 0
sandboxd-o/orchestrator/service/sandbox_ops.go:384.2,384.52 1 0
sandboxd-o/orchestrator/service/sandbox_ops.go:384.52,387.3 2 0
sandboxd-o/orchestrator/service/sandbox_ops.go:388.2,388.43 1 0
sandboxd-o/orchestrator/service/service.go:18.47,20.16 2 9
sandboxd-o/orchestrator/service/service.go:20.16,22.3 1 0
sandboxd-o/orchestrator/service/service.go:24.2,24.92 1 9
sandboxd-o/orchestrator/service/service.go:27.51,27.76 1 9
sandboxd-o/orchestrator/service/service.go:28.51,28.76 1 1
sandboxd-o/orchestrator/service/service.go:29.51,29.83 1 1
sandboxd-o/orchestrator/service/validation.go:12.57,13.35 1 14
sandboxd-o/orchestrator/service/validation.go:13.35,15.3 1 1
sandboxd-o/orchestrator/service/validation.go:17.2,17.47 1 13
sandboxd-o/orchestrator/service/validation.go:17.47,19.3 1 1
sandboxd-o/orchestrator/service/validation.go:21.2,21.30 1 12
sandboxd-o/orchestrator/service/validation.go:21.30,23.3 1 0
sandboxd-o/orchestrator/service/validation.go:25.2,25.12 1 12
sandboxd-o/orchestrator/repo/node_repo.go:31.54,32.38 1 3
sandboxd-o/orchestrator/repo/node_repo.go:32.38,33.42 1 3
sandboxd-o/orchestrator/repo/node_repo.go:33.42,34.26 1 3
sandboxd-o/orchestrator/repo/node_repo.go:34.26,35.59 1 3
sandboxd-o/orchestrator/repo/node_repo.go:35.59,36.56 1 3
sandboxd-o/orchestrator/repo/node_repo.go:36.56,38.7 1 0
sandboxd-o/orchestrator/repo/node_repo.go:41.5,42.25 2 3
sandboxd-o/orchestrator/repo/node_repo.go:42.25,44.6 1 0
sandboxd-o/orchestrator/repo/node_repo.go:45.5,46.87 2 3
sandboxd-o/orchestrator/repo/node_repo.go:47.10,49.5 1 0
sandboxd-o/orchestrator/repo/node_repo.go:53.2,54.16 2 3
sandboxd-o/orchestrator/repo/node_repo.go:54.16,56.3 1 0
sandboxd-o/orchestrator/repo/node_repo.go:58.2,60.36 3 3
sandboxd-o/orchestrator/repo/node_repo.go:60.36,63.3 2 0
sandboxd-o/orchestrator/repo/node_repo.go:65.2,65.37 1 3
sandboxd-o/orchestrator/repo/node_repo.go:68.40,69.29 1 3
sandboxd-o/orchestrator/repo/node_repo.go:69.29,71.3 1 0
sandboxd-o/orchestrator/repo/node_repo.go:73.2,73.21 1 3
sandboxd-o/orchestrator/repo/node_repo.go:76.32,135.43 6 3
sandboxd-o/orchestrator/repo/node_repo.go:135.43,137.3 1 0
sandboxd-o/orchestrator/repo/node_repo.go:138.2,138.44 1 3
sandboxd-o/orchestrator/repo/node_repo.go:138.44,140.3 1 0
sandboxd-o/orchestrator/repo/node_repo.go:141.2,141.47 1 3
sandboxd-o/orchestrator/repo/node_repo.go:141.47,143.3 1 0
sandboxd-o/orchestrator/repo/node_repo.go:144.2,144.47 1 3
sandboxd-o/orchestrator/repo/node_repo.go:144.47,146.3 1 0
sandboxd-o/orchestrator/repo/node_repo.go:147.2,147.50 1 3
sandboxd-o/orchestrator/repo/node_repo.go:147.50,149.3 1 0
sandboxd-o/orchestrator/repo/node_repo.go:151.2,151.12 1 3
sandboxd-o/orchestrator/repo/node_repo.go:154.106,175.16 6 1
sandboxd-o/orchestrator/repo/node_repo.go:175.16,177.3 1 0
sandboxd-o/orchestrator/repo/node_repo.go:178.2,178.101 1 1
sandboxd-o/orchestrator/repo/node_repo.go:178.101,180.3 1 0
sandboxd-o/orchestrator/repo/node_repo.go:181.2,182.12 2 1
sandboxd-o/orchestrator/repo/node_repo.go:185.77,186.98 1 1
sandboxd-o/orchestrator/repo/node_repo.go:186.98,188.3 1 0
sandboxd-o/orchestrator/repo/node_repo.go:189.2,189.95 1 1
sandboxd-o/orchestrator/repo/node_repo.go:189.95,191.3 1 0
sandboxd-o/orchestrator/repo/node_repo.go:192.2,193.12 2 1
sandboxd-o/orchestrator/repo/node_repo.go:196.89,207.2 2 1
sandboxd-o/orchestrator/repo/node_repo.go:209.79,220.16 3 2
sandboxd-o/orchestrator/repo/node_repo.go:220.16,222.3 1 0
sandboxd-o/orchestrator/repo/node_repo.go:223.2,226.18 3 2
sandboxd-o/orchestrator/repo/node_repo.go:226.18,228.17 2 1
sandboxd-o/orchestrator/repo/node_repo.go:228.17,230.4 1 0
sandboxd-o/orchestrator/repo/node_repo.go:232.3,233.23 2 1
sandboxd-o/orchestrator/repo/node_repo.go:236.2,236.35 1 2
sandboxd-o/orchestrator/repo/node_repo.go:236.35,238.3 1 0
sandboxd-o/orchestrator/repo/node_repo.go:240.2,240.17 1 2
sandboxd-o/orchestrator/repo/node_repo.go:243.176,246.19 3 1
sandboxd-o/orchestrator/repo/node_repo.go:246.19,248.3 1 1
sandboxd-o/orchestrator/repo/node_repo.go:250.2,260.12 3 1
sandboxd-o/orchestrator/repo/node_repo.go:263.111,266.26 3 1
sandboxd-o/orchestrator/repo/node_repo.go:266.26,268.3 1 0
sandboxd-o/orchestrator/repo/node_repo.go:270.2,310.12 3 1
sandboxd-o/orchestrator/repo/node_repo.go:315.46,317.16 2 1
sandboxd-o/orchestrator/repo/node_repo.go:317.16,319.3 1 0
sandboxd-o/orchestrator/repo/node_repo.go:321.2,322.16 2 1
sandboxd-o/orchestrator/repo/node_repo.go:325.50,325.81 1 1
sandboxd-o/orchestrator/repo/node_repo.go:327.52,342.16 6 2
sandboxd-o/orchestrator/repo/node_repo.go:342.16,344.3 1 0
sandboxd-o/orchestrator/repo/node_repo.go:345.2,348.16 3 2
sandboxd-o/orchestrator/repo/node_repo.go:348.16,350.3 1 0
sandboxd-o/orchestrator/repo/node_repo.go:352.2,353.16 2 2
sandboxd-o/orchestrator/repo/node_repo.go:353.16,355.3 1 0
sandboxd-o/orchestrator/repo/node_repo.go:357.2,360.37 3 2
sandboxd-o/orchestrator/repo/node_repo.go:360.37,362.17 2 1
sandboxd-o/orchestrator/repo/node_repo.go:362.17,364.4 1 0
sandboxd-o/orchestrator/repo/node_repo.go:366.3,366.24 1 1
sandboxd-o/orchestrator/repo/node_repo.go:369.2,369.49 1 2
sandboxd-o/orchestrator/repo/node_repo.go:369.49,371.17 2 0
sandboxd-o/orchestrator/repo/node_repo.go:371.17,373.4 1 0
sandboxd-o/orchestrator/repo/node_repo.go:374.3,374.30 1 0
sandboxd-o/orchestrator/repo/node_repo.go:377.2,377.15 1 2
sandboxd-o/orchestrator/repo/sandbox_repo.go:24.86,26.28 2 3
sandboxd-o/orchestrator/repo/sandbox_repo.go:26.28,28.3 1 3
sandboxd-o/orchestrator/repo/sandbox_repo.go:29.2,32.16 3 3
sandboxd-o/orchestrator/repo/sandbox_repo.go:32.16,34.3 1 0
sandboxd-o/orchestrator/repo/sandbox_repo.go:35.2,36.16 2 3
sandboxd-o/orchestrator/repo/sandbox_repo.go:36.16,38.3 1 0
sandboxd-o/orchestrator/repo/sandbox_repo.go:40.2,43.12 3 3
sandboxd-o/orchestrator/repo/sandbox_repo.go:46.93,50.2 3 3
sandboxd-o/orchestrator/repo/sandbox_repo.go:52.86,54.16 2 1
sandboxd-o/orchestrator/repo/sandbox_repo.go:54.16,56.3 1 0
sandboxd-o/orchestrator/repo/sandbox_repo.go:57.2,60.18 3 1
sandboxd-o/orchestrator/repo/sandbox_repo.go:60.18,62.17 2 1
sandboxd-o/orchestrator/repo/sandbox_repo.go:62.17,64.4 1 0
sandboxd-o/orchestrator/repo/sandbox_repo.go:65.3,65.25 1 1
sandboxd-o/orchestrator/repo/sandbox_repo.go:67.2,67.35 1 1
sandboxd-o/orchestrator/repo/sandbox_repo.go:67.35,69.3 1 0
sandboxd-o/orchestrator/repo/sandbox_repo.go:70.2,70.17 1 1
sandboxd-o/orchestrator/repo/sandbox_repo.go:73.108,75.16 2 1
sandboxd-o/orchestrator/repo/sandbox_repo.go:75.16,77.3 1 0
sandboxd-o/orchestrator/repo/sandbox_repo.go:78.2,79.12 2 1
sandboxd-o/orchestrator/repo/sandbox_repo.go:82.78,83.101 1 1
sandboxd-o/orchestrator/repo/sandbox_repo.go:83.101,85.3 1 0
sandboxd-o/orchestrator/repo/sandbox_repo.go:86.2,87.12 2 1
sandboxd-o/orchestrator/repo/sandbox_repo.go:90.145,92.16 2 3
sandboxd-o/orchestrator/repo/sandbox_repo.go:92.16,94.3 1 0
sandboxd-o/orchestrator/repo/sandbox_repo.go:95.2,95.15 1 3
sandboxd-o/orchestrator/repo/sandbox_repo.go:95.15,95.36 1 3
sandboxd-o/orchestrator/repo/sandbox_repo.go:97.2,97.26 1 3
sandboxd-o/orchestrator/repo/sandbox_repo.go:97.26,99.154 2 3
sandboxd-o/orchestrator/repo/sandbox_repo.go:99.154,101.4 1 0
sandboxd-o/orchestrator/repo/sandbox_repo.go:102.3,102.14 1 3
sandboxd-o/orchestrator/repo/sandbox_repo.go:102.14,104.4 1 1
sandboxd-o/orchestrator/repo/sandbox_repo.go:107.2,107.26 1 2
sandboxd-o/orchestrator/repo/sandbox_repo.go:107.26,111.17 1 2
sandboxd-o/orchestrator/repo/sandbox_repo.go:111.17,113.4 1 0
sandboxd-o/orchestrator/repo/sandbox_repo.go:116.2,117.16 2 2
sandboxd-o/orchestrator/repo/sandbox_repo.go:117.16,119.3 1 0
sandboxd-o/orchestrator/repo/sandbox_repo.go:120.2,125.16 5 2
sandboxd-o/orchestrator/repo/sandbox_repo.go:125.16,127.3 1 0
sandboxd-o/orchestrator/repo/sandbox_repo.go:128.2,128.179 1 2
sandboxd-o/orchestrator/repo/sandbox_repo.go:128.179,130.3 1 0
sandboxd-o/orchestrator/repo/sandbox_repo.go:132.2,132.20 1 2
sandboxd-o/orchestrator/repo/sandbox_repo.go:135.91,138.2 2 1
sandboxd-o/orchestrator/repo/sandbox_repo.go:140.108,142.16 2 2
sandboxd-o/orchestrator/repo/sandbox_repo.go:142.16,144.3 1 0
sandboxd-o/orchestrator/repo/sandbox_repo.go:145.2,147.18 3 2
sandboxd-o/orchestrator/repo/sandbox_repo.go:147.18,149.39 2 1
sandboxd-o/orchestrator/repo/sandbox_repo.go:149.39,151.4 1 0
sandboxd-o/orchestrator/repo/sandbox_repo.go:152.3,152.22 1 1
sandboxd-o/orchestrator/repo/sandbox_repo.go:154.2,154.24 1 2
sandboxd-o/orchestrator/repo/sandbox_repo.go:157.107,160.2 2 2
sandboxd-o/orchestrator/repo/sandbox_repo.go:164.63,166.16 2 5
sandboxd-o/orchestrator/repo/sandbox_repo.go:166.16,168.3 1 1
sandboxd-o/orchestrator/repo/sandbox_repo.go:169.2,169.18 1 4
sandboxd-o/orchestrator/repo/sandbox_repo.go:172.61,172.100 1 1
sandboxd-o/orchestrator/repo/sandbox_repo.go:174.70,180.88 2 6
sandboxd-o/orchestrator/repo/sandbox_repo.go:180.88,182.3 1 1
sandboxd-o/orchestrator/repo/sandbox_repo.go:183.2,183.67 1 5
sandboxd-o/orchestrator/repo/sandbox_repo.go:183.67,185.3 1 0
sandboxd-o/orchestrator/repo/sandbox_repo.go:186.2,186.71 1 5
sandboxd-o/orchestrator/repo/sandbox_repo.go:186.71,188.3 1 0
sandboxd-o/orchestrator/repo/sandbox_repo.go:189.2,190.16 2 5
sandboxd-o/orchestrator/repo/sandbox_repo.go:190.16,192.3 1 0
sandboxd-o/orchestrator/repo/sandbox_repo.go:193.2,194.16 2 5
sandboxd-o/orchestrator/repo/sandbox_repo.go:194.16,196.3 1 0
sandboxd-o/orchestrator/repo/sandbox_repo.go:197.2,199.17 3 5
